feature/build/intermediates/manifest_merge_blame_file/debug/manifest-merger-blame-debug-report.txt
1<?xml version="1.0" encoding="utf-8"?>
2<manifest xmlns:android="http://schemas.android.com/apk/res/android"
3    package="com.zogik.feature" >
4
5    <uses-sdk android:minSdkVersion="24" />
6
7    <application>
7-->src\main\AndroidManifest.xml:4:5-31:19
8        <activity
8-->src\main\AndroidManifest.xml:5:9-9:50
9            android:name="com.zogik.feature.presentation.FavoriteActivity"
9-->src\main\AndroidManifest.xml:6:13-58
10            android:exported="false"
10-->src\main\AndroidManifest.xml:7:13-37
11            android:label="@string/title_activity_favorite"
11-->src\main\AndroidManifest.xml:8:13-60
12            android:theme="@style/Theme.Movie" />
12-->src\main\AndroidManifest.xml:9:13-47
13        <activity
13-->src\main\AndroidManifest.xml:10:9-14:50
14            android:name="com.zogik.feature.presentation.DetailMovieActivity"
14-->src\main\AndroidManifest.xml:11:13-61
15            android:exported="false"
15-->src\main\AndroidManifest.xml:12:13-37
16            android:label="@string/title_activity_detail_movie"
16-->src\main\AndroidManifest.xml:13:13-64
17            android:theme="@style/Theme.Movie" />
17-->src\main\AndroidManifest.xml:14:13-47
18        <activity
18-->src\main\AndroidManifest.xml:15:9-19:50
19            android:name="com.zogik.feature.presentation.SearchActivity"
19-->src\main\AndroidManifest.xml:16:13-56
20            android:exported="false"
20-->src\main\AndroidManifest.xml:17:13-37
21            android:label="@string/title_activity_search"
21-->src\main\AndroidManifest.xml:18:13-58
22            android:theme="@style/Theme.Movie" />
22-->src\main\AndroidManifest.xml:19:13-47
23        <activity
23-->src\main\AndroidManifest.xml:20:9-30:20
24            android:name="com.zogik.feature.presentation.MainActivity"
24-->src\main\AndroidManifest.xml:21:13-54
25            android:exported="true"
25-->src\main\AndroidManifest.xml:22:13-36
26            android:label="@string/app_name"
26-->src\main\AndroidManifest.xml:23:13-45
27            android:theme="@style/Theme.Movie" >
27-->src\main\AndroidManifest.xml:24:13-47
28            <intent-filter>
28-->src\main\AndroidManifest.xml:25:13-29:29
29                <action android:name="android.intent.action.MAIN" />
29-->src\main\AndroidManifest.xml:26:17-69
29-->src\main\AndroidManifest.xml:26:25-66
30
31                <category android:name="android.intent.category.LAUNCHER" />
31-->src\main\AndroidManifest.xml:28:17-77
31-->src\main\AndroidManifest.xml:28:27-74
32            </intent-filter>
33        </activity>
34    </application>
35
36</manifest>